2022-06-08T12:35:14.438353+09:00 0 [System] [MY-013169] [Server] /usr/sbin/mysqld (mysqld 8.0.29) initializing of server in progress as process 43
2022-06-08T12:35:14.464308+09:00 0 [Warning] [MY-010159] [Server] Setting lower_case_table_names=2 because file system for /var/lib/mysql/ is case insensitive
2022-06-08T12:35:14.498228+09:00 1 [System] [MY-013576] [InnoDB] InnoDB initialization has started.
2022-06-08T12:35:18.176312+09:00 1 [System] [MY-013577] [InnoDB] InnoDB initialization has ended.
2022-06-08T12:35:22.933434+09:00 6 [Warning] [MY-010453] [Server] root@localhost is created with an empty password ! Please consider switching off the --initialize-insecure option.
2022-06-08T12:35:46.287106+09:00 0 [System] [MY-010116] [Server] /usr/sbin/mysqld (mysqld 8.0.29) starting as process 90
2022-06-08T12:35:46.295628+09:00 0 [Warning] [MY-010159] [Server] Setting lower_case_table_names=2 because file system for /var/lib/mysql/ is case insensitive
2022-06-08T12:35:46.342567+09:00 1 [System] [MY-013576] [InnoDB] InnoDB initialization has started.
2022-06-08T12:35:47.595194+09:00 1 [System] [MY-013577] [InnoDB] InnoDB initialization has ended.
2022-06-08T12:35:48.472352+09:00 0 [Warning] [MY-010068] [Server] CA certificate ca.pem is self signed.
2022-06-08T12:35:48.473369+09:00 0 [System] [MY-013602] [Server] Channel mysql_main configured to support TLS. Encrypted connections are now supported for this channel.
2022-06-08T12:35:48.481747+09:00 0 [Warning] [MY-011810] [Server] Insecure configuration for --pid-file: Location '/var/run/mysqld' in the path is accessible to all OS users. Consider choosing a different directory.
2022-06-08T12:35:48.605297+09:00 0 [System] [MY-011323] [Server] X Plugin ready for connections. Socket: /var/run/mysqld/mysqlx.sock
2022-06-08T12:35:48.605659+09:00 0 [System] [MY-010931] [Server] /usr/sbin/mysqld: ready for connections. Version: '8.0.29'  socket: '/var/run/mysqld/mysqld.sock'  port: 0  MySQL Community Server - GPL.
2022-06-08T12:36:14.018816+09:00 13 [System] [MY-013172] [Server] Received SHUTDOWN from user root. Shutting down mysqld (Version: 8.0.29).
2022-06-08T12:36:16.004653+09:00 0 [System] [MY-010910] [Server] /usr/sbin/mysqld: Shutdown complete (mysqld 8.0.29)  MySQL Community Server - GPL.
2022-06-08T12:36:16.473004+09:00 0 [System] [MY-010116] [Server] /usr/sbin/mysqld (mysqld 8.0.29) starting as process 1
2022-06-08T12:36:16.480953+09:00 0 [Warning] [MY-010159] [Server] Setting lower_case_table_names=2 because file system for /var/lib/mysql/ is case insensitive
2022-06-08T12:36:16.501967+09:00 1 [System] [MY-013576] [InnoDB] InnoDB initialization has started.
2022-06-08T12:36:17.859259+09:00 1 [System] [MY-013577] [InnoDB] InnoDB initialization has ended.
2022-06-08T12:36:18.949734+09:00 0 [Warning] [MY-010068] [Server] CA certificate ca.pem is self signed.
2022-06-08T12:36:18.950598+09:00 0 [System] [MY-013602] [Server] Channel mysql_main configured to support TLS. Encrypted connections are now supported for this channel.
2022-06-08T12:36:18.957721+09:00 0 [Warning] [MY-011810] [Server] Insecure configuration for --pid-file: Location '/var/run/mysqld' in the path is accessible to all OS users. Consider choosing a different directory.
2022-06-08T12:36:19.092959+09:00 0 [System] [MY-011323] [Server] X Plugin ready for connections. Bind-address: '::' port: 33060, socket: /var/run/mysqld/mysqlx.sock
2022-06-08T12:36:19.093394+09:00 0 [System] [MY-010931] [Server] /usr/sbin/mysqld: ready for connections. Version: '8.0.29'  socket: '/var/run/mysqld/mysqld.sock'  port: 3306  MySQL Community Server - GPL.
2022-06-08T12:37:51.316474+09:00 0 [System] [MY-013172] [Server] Received SHUTDOWN from user <via user signal>. Shutting down mysqld (Version: 8.0.29).
2022-06-08T12:37:51.951360+09:00 0 [System] [MY-010910] [Server] /usr/sbin/mysqld: Shutdown complete (mysqld 8.0.29)  MySQL Community Server - GPL.
2022-06-08T12:38:03.136890+09:00 0 [System] [MY-010116] [Server] /usr/sbin/mysqld (mysqld 8.0.29) starting as process 1
2022-06-08T12:38:03.149243+09:00 0 [Warning] [MY-010159] [Server] Setting lower_case_table_names=2 because file system for /var/lib/mysql/ is case insensitive
2022-06-08T12:38:03.171909+09:00 1 [System] [MY-013576] [InnoDB] InnoDB initialization has started.
2022-06-08T12:38:04.709647+09:00 1 [System] [MY-013577] [InnoDB] InnoDB initialization has ended.
2022-06-08T12:38:05.405540+09:00 0 [Warning] [MY-010068] [Server] CA certificate ca.pem is self signed.
2022-06-08T12:38:05.406364+09:00 0 [System] [MY-013602] [Server] Channel mysql_main configured to support TLS. Encrypted connections are now supported for this channel.
2022-06-08T12:38:05.417660+09:00 0 [Warning] [MY-011810] [Server] Insecure configuration for --pid-file: Location '/var/run/mysqld' in the path is accessible to all OS users. Consider choosing a different directory.
2022-06-08T12:38:05.619280+09:00 0 [System] [MY-011323] [Server] X Plugin ready for connections. Bind-address: '::' port: 33060, socket: /var/run/mysqld/mysqlx.sock
2022-06-08T12:38:05.620010+09:00 0 [System] [MY-010931] [Server] /usr/sbin/mysqld: ready for connections. Version: '8.0.29'  socket: '/var/run/mysqld/mysqld.sock'  port: 3306  MySQL Community Server - GPL.
2022-06-08T12:38:08.676867+09:00 0 [System] [MY-013172] [Server] Received SHUTDOWN from user <via user signal>. Shutting down mysqld (Version: 8.0.29).
2022-06-08T12:38:09.654572+09:00 0 [System] [MY-010910] [Server] /usr/sbin/mysqld: Shutdown complete (mysqld 8.0.29)  MySQL Community Server - GPL.
2022-06-08T12:42:45.851197+09:00 0 [System] [MY-010116] [Server] /usr/sbin/mysqld (mysqld 8.0.29) starting as process 1
2022-06-08T12:42:45.867363+09:00 0 [Warning] [MY-010159] [Server] Setting lower_case_table_names=2 because file system for /var/lib/mysql/ is case insensitive
2022-06-08T12:42:45.970997+09:00 1 [System] [MY-013576] [InnoDB] InnoDB initialization has started.
2022-06-08T12:42:47.464648+09:00 1 [System] [MY-013577] [InnoDB] InnoDB initialization has ended.
2022-06-08T12:42:48.214574+09:00 0 [Warning] [MY-010068] [Server] CA certificate ca.pem is self signed.
2022-06-08T12:42:48.215147+09:00 0 [System] [MY-013602] [Server] Channel mysql_main configured to support TLS. Encrypted connections are now supported for this channel.
2022-06-08T12:42:48.224364+09:00 0 [Warning] [MY-011810] [Server] Insecure configuration for --pid-file: Location '/var/run/mysqld' in the path is accessible to all OS users. Consider choosing a different directory.
2022-06-08T12:42:48.373184+09:00 0 [System] [MY-011323] [Server] X Plugin ready for connections. Bind-address: '::' port: 33060, socket: /var/run/mysqld/mysqlx.sock
2022-06-08T12:42:48.374106+09:00 0 [System] [MY-010931] [Server] /usr/sbin/mysqld: ready for connections. Version: '8.0.29'  socket: '/var/run/mysqld/mysqld.sock'  port: 3306  MySQL Community Server - GPL.
2022-06-08T12:44:41.283779+09:00 0 [System] [MY-013172] [Server] Received SHUTDOWN from user <via user signal>. Shutting down mysqld (Version: 8.0.29).
2022-06-08T12:44:42.540579+09:00 0 [System] [MY-010910] [Server] /usr/sbin/mysqld: Shutdown complete (mysqld 8.0.29)  MySQL Community Server - GPL.
2022-06-08T12:46:42.359465+09:00 0 [System] [MY-010116] [Server] /usr/sbin/mysqld (mysqld 8.0.29) starting as process 1
2022-06-08T12:46:42.377353+09:00 0 [Warning] [MY-010159] [Server] Setting lower_case_table_names=2 because file system for /var/lib/mysql/ is case insensitive
2022-06-08T12:46:42.504978+09:00 1 [System] [MY-013576] [InnoDB] InnoDB initialization has started.
2022-06-08T12:46:44.387152+09:00 1 [System] [MY-013577] [InnoDB] InnoDB initialization has ended.
2022-06-08T12:46:45.248661+09:00 0 [Warning] [MY-010068] [Server] CA certificate ca.pem is self signed.
2022-06-08T12:46:45.250359+09:00 0 [System] [MY-013602] [Server] Channel mysql_main configured to support TLS. Encrypted connections are now supported for this channel.
2022-06-08T12:46:45.260738+09:00 0 [Warning] [MY-011810] [Server] Insecure configuration for --pid-file: Location '/var/run/mysqld' in the path is accessible to all OS users. Consider choosing a different directory.
2022-06-08T12:46:45.447437+09:00 0 [System] [MY-011323] [Server] X Plugin ready for connections. Bind-address: '::' port: 33060, socket: /var/run/mysqld/mysqlx.sock
2022-06-08T12:46:45.449063+09:00 0 [System] [MY-010931] [Server] /usr/sbin/mysqld: ready for connections. Version: '8.0.29'  socket: '/var/run/mysqld/mysqld.sock'  port: 3306  MySQL Community Server - GPL.
mbind: Operation not permitted
mbind: Operation not permitted
mbind: Operation not permitted
mbind: Operation not permitted
mbind: Operation not permitted
mbind: Operation not permitted
mbind: Operation not permitted
